<?xml version="1.0" encoding="UTF-8"?>
<!-- Generated by org.testng.reporters.JUnitReportReporter -->
<testsuite skipped="0" hostname="LAPTOP-JVNL5G83" name="com.carbonite.test.suites.HomePageTest" tests="4" failures="0" timestamp="30 Dec 2020 20:18:31 GMT" time="63.599" errors="0">
  <testcase name="runScenario" time="16.197" classname="com.carbonite.test.suites.HomePageTest"/>
  <testcase name="runScenario" time="16.485" classname="com.carbonite.test.suites.HomePageTest"/>
  <testcase name="runScenario" time="14.563" classname="com.carbonite.test.suites.HomePageTest"/>
  <testcase name="runScenario" time="16.354" classname="com.carbonite.test.suites.HomePageTest"/>
</testsuite> <!-- com.carbonite.test.suites.HomePageTest -->
