<?xml version="1.0" encoding="UTF-8"?>
<!-- Generated by org.testng.reporters.JUnitReportReporter -->
<testsuite skipped="0" hostname="LAPTOP-JVNL5G83" name="com.carbonite.test.suites.FreeTrialsPageTest" tests="3" failures="0" timestamp="31 Dec 2020 16:26:51 GMT" time="70.002" errors="0">
  <testcase name="runScenario" time="19.057" classname="com.carbonite.test.suites.FreeTrialsPageTest"/>
  <testcase name="runScenario" time="33.066" classname="com.carbonite.test.suites.FreeTrialsPageTest"/>
  <testcase name="runScenario" time="17.879" classname="com.carbonite.test.suites.FreeTrialsPageTest"/>
</testsuite> <!-- com.carbonite.test.suites.FreeTrialsPageTest -->
