<?xml version="1.0" encoding="UTF-8"?>
<!-- Generated by org.testng.reporters.JUnitReportReporter -->
<testsuite skipped="0" hostname="LAPTOP-JVNL5G83" name="com.carbonite.test.suites.HomeBackUpPageTest" tests="4" failures="1" timestamp="31 Dec 2020 06:06:56 GMT" time="73.186" errors="0">
  <testcase name="runScenario" time="18.863" classname="com.carbonite.test.suites.HomeBackUpPageTest"/>
  <testcase name="runScenario" time="18.313" classname="com.carbonite.test.suites.HomeBackUpPageTest">
    <failure type="java.lang.AssertionError" message="expected [Carbonite Safe® Plus and Prime backup plans now include Webroot&#039;s award-winning virus protection.] but found [Carbonite Safe® Plus and Prime backup plans now include Webroot&#039;s lightning-fast virus protection.]">
      <![CDATA[java.lang.AssertionError: expected [Carbonite Safe® Plus and Prime backup plans now include Webroot's award-winning virus protection.] but found [Carbonite Safe® Plus and Prime backup plans now include Webroot's lightning-fast virus protection.]
at org.testng.Assert.fail(Assert.java:96)
at org.testng.Assert.failNotEquals(Assert.java:776)
at org.testng.Assert.assertEqualsImpl(Assert.java:137)
at org.testng.Assert.assertEquals(Assert.java:118)
at org.testng.Assert.assertEquals(Assert.java:453)
at org.testng.Assert.assertEquals(Assert.java:463)
at com.carbonite.step.definitions.HomeBackUpPageSteps.verify_the_sub_header_text_of_home_back_up(HomeBackUpPageSteps.java:52)
at ✽.Verify the Sub Header Text of Home Back Up ""(file:///F:/Carbonite/Parent_Project/Portals/VueDawnPortal/features/HomeBackUpPageFeature/homeBackUpPage.feature:35)
]]>
    </failure>
  </testcase> <!-- runScenario -->
  <testcase name="runScenario" time="18.451" classname="com.carbonite.test.suites.HomeBackUpPageTest"/>
  <testcase name="runScenario" time="17.559" classname="com.carbonite.test.suites.HomeBackUpPageTest"/>
</testsuite> <!-- com.carbonite.test.suites.HomeBackUpPageTest -->
