<?xml version="1.0" encoding="UTF-8"?>
<!-- Generated by org.testng.reporters.JUnitReportReporter -->
<testsuite skipped="0" hostname="LAPTOP-JVNL5G83" name="com.carbonite.test.suites.BuisnessSolutionPageTest" tests="4" failures="0" timestamp="31 Dec 2020 20:18:10 GMT" time="78.496" errors="0">
  <testcase name="runScenario" time="23.919" classname="com.carbonite.test.suites.BuisnessSolutionPageTest"/>
  <testcase name="runScenario" time="18.984" classname="com.carbonite.test.suites.BuisnessSolutionPageTest"/>
  <testcase name="runScenario" time="17.806" classname="com.carbonite.test.suites.BuisnessSolutionPageTest"/>
  <testcase name="runScenario" time="17.787" classname="com.carbonite.test.suites.BuisnessSolutionPageTest"/>
</testsuite> <!-- com.carbonite.test.suites.BuisnessSolutionPageTest -->
